<?xml version="1.0" encoding="UTF-8"?>
<!-- Generated by org.testng.reporters.JUnitReportReporter -->
<testsuite hostname="LAPTOP-0QJFP7EQ" failures="0" tests="1" name="validationTest.BodyValidation" time="2.707" errors="0" timestamp="2022-10-10T17:38:40 IST" skipped="0">
  <testcase classname="validationTest.BodyValidation" name="bodyValTest" time="2.707"/>
  <system-out/>
</testsuite> <!-- validationTest.BodyValidation -->
