<?xml version="1.0" encoding="UTF-8"?>
<!-- Generated by org.testng.reporters.JUnitReportReporter -->
<testsuite hostname="LAPTOP-0QJFP7EQ" failures="0" tests="1" name="differentWaysToPostTheRequest.PostRequestUsingJsonObjectTest" time="3.351" errors="0" timestamp="2022-09-30T12:41:18 IST" skipped="0">
  <testcase classname="differentWaysToPostTheRequest.PostRequestUsingJsonObjectTest" name="createProjectTest" time="3.351"/>
  <system-out/>
</testsuite> <!-- differentWaysToPostTheRequest.PostRequestUsingJsonObjectTest -->
