<?xml version="1.0" encoding="UTF-8"?>
<!-- Generated by org.testng.reporters.JUnitReportReporter -->
<testsuite hostname="LAPTOP-0QJFP7EQ" failures="0" tests="1" name="validationTest.HeaderValidationTest" time="2.748" errors="0" timestamp="2022-10-03T17:17:16 IST" skipped="0">
  <testcase classname="validationTest.HeaderValidationTest" name="validation" time="2.748"/>
  <system-out/>
</testsuite> <!-- validationTest.HeaderValidationTest -->
