<?xml version="1.0" encoding="UTF-8"?>
<!-- Generated by org.testng.reporters.JUnitReportReporter -->
<testsuite hostname="LAPTOP-0QJFP7EQ" failures="0" tests="1" name="parameter.QueryParameterTest" time="3.456" errors="0" timestamp="2022-10-06T12:25:41 IST" skipped="0">
  <testcase classname="parameter.QueryParameterTest" name="QueryparameterTest" time="3.456"/>
  <system-out/>
</testsuite> <!-- parameter.QueryParameterTest -->
