<?xml version="1.0" encoding="UTF-8"?>
<!-- Generated by org.testng.reporters.JUnitReportReporter -->
<testsuite hostname="LAPTOP-0QJFP7EQ" failures="0" tests="1" name="validationTest.ResponseTimeValidationTest" time="3.036" errors="0" timestamp="2022-10-04T11:17:09 IST" skipped="0">
  <testcase classname="validationTest.ResponseTimeValidationTest" name="ValRespTime" time="3.036"/>
  <system-out/>
</testsuite> <!-- validationTest.ResponseTimeValidationTest -->
