<?xml version="1.0" encoding="UTF-8"?>
<!-- Generated by org.testng.reporters.JUnitReportReporter -->
<testsuite hostname="LAPTOP-0QJFP7EQ" failures="0" tests="1" name="crudOperationWithBDD.DeleteProjectTest" time="1.784" errors="0" timestamp="2022-09-29T12:13:23 IST" skipped="0">
  <testcase classname="crudOperationWithBDD.DeleteProjectTest" name="deleteProjectTest" time="1.784"/>
  <system-out/>
</testsuite> <!-- crudOperationWithBDD.DeleteProjectTest -->
