<?xml version="1.0" encoding="UTF-8"?>
<!-- Generated by org.testng.reporters.JUnitReportReporter -->
<testsuite hostname="LAPTOP-0QJFP7EQ" failures="0" tests="1" name="crudOperationWithoutBDD.UpdateProjectTest" time="3.390" errors="0" timestamp="2022-09-28T16:45:18 IST" skipped="0">
  <testcase classname="crudOperationWithoutBDD.UpdateProjectTest" name="updateProjectTest" time="3.390"/>
  <system-out/>
</testsuite> <!-- crudOperationWithoutBDD.UpdateProjectTest -->
