<?xml version="1.0" encoding="UTF-8"?>
<!-- Generated by org.testng.reporters.JUnitReportReporter -->
<testsuite hostname="LAPTOP-0QJFP7EQ" failures="0" tests="1" name="crudOperationWithBDD.GetAllProjectsTest" time="3.062" errors="0" timestamp="2022-10-10T17:17:35 IST" skipped="0">
  <testcase classname="crudOperationWithBDD.GetAllProjectsTest" name="getallprojectTest" time="3.062"/>
  <system-out/>
</testsuite> <!-- crudOperationWithBDD.GetAllProjectsTest -->
