<?xml version="1.0" encoding="UTF-8"?>
<!-- Generated by org.testng.reporters.JUnitReportReporter -->
<testsuite hostname="LAPTOP-0QJFP7EQ" failures="0" tests="1" name="crudOperationWithoutBDD.AddProject" time="3.490" errors="0" timestamp="2022-09-28T13:02:27 IST" skipped="0">
  <testcase classname="crudOperationWithoutBDD.AddProject" name="addProjectTest" time="3.490"/>
  <system-out/>
</testsuite> <!-- crudOperationWithoutBDD.AddProject -->
