<?xml version="1.0" encoding="UTF-8"?>
<!-- Generated by org.testng.reporters.JUnitReportReporter -->
<testsuite hostname="LAPTOP-0QJFP7EQ" failures="0" tests="1" name="serializationAndDeserialization.Serilaization" time="0.371" errors="0" timestamp="2022-09-26T22:03:47 IST" skipped="0">
  <testcase classname="serializationAndDeserialization.Serilaization" name="sample" time="0.371"/>
  <system-out/>
</testsuite> <!-- serializationAndDeserialization.Serilaization -->
