<?xml version="1.0" encoding="UTF-8"?>
<!-- Generated by org.testng.reporters.JUnitReportReporter -->
<testsuite hostname="LAPTOP-0QJFP7EQ" failures="0" tests="1" name="serializationAndDeserialization.SerializationOfEmpDataWithObject" time="0.441" errors="0" timestamp="2022-09-27T12:54:50 IST" skipped="0">
  <testcase classname="serializationAndDeserialization.SerializationOfEmpDataWithObject" name="serializationOfEmpDataWithObjectTest" time="0.441"/>
  <system-out/>
</testsuite> <!-- serializationAndDeserialization.SerializationOfEmpDataWithObject -->
