<?xml version="1.0" encoding="UTF-8"?>
<!-- Generated by org.testng.reporters.JUnitReportReporter -->
<testsuite hostname="LAPTOP-0QJFP7EQ" failures="0" tests="1" name="serializationAndDeserialization.SerializationOfEmpDetails" time="0.443" errors="0" timestamp="2022-09-27T12:37:29 IST" skipped="0">
  <testcase classname="serializationAndDeserialization.SerializationOfEmpDetails" name="serializationEmpDeatilsTest" time="0.443"/>
  <system-out/>
</testsuite> <!-- serializationAndDeserialization.SerializationOfEmpDetails -->
