<?xml version="1.0" encoding="UTF-8"?>
<!-- Generated by org.testng.reporters.JUnitReportReporter -->
<testsuite hostname="LAPTOP-0QJFP7EQ" failures="0" tests="1" name="parameter.PathParameterTest" time="1.961" errors="0" timestamp="2022-10-04T13:20:42 IST" skipped="0">
  <testcase classname="parameter.PathParameterTest" name="pathParameter" time="1.961"/>
  <system-out/>
</testsuite> <!-- parameter.PathParameterTest -->
