<?xml version="1.0" encoding="UTF-8"?>
<!-- Generated by org.testng.reporters.JUnitReportReporter -->
<testsuite hostname="LAPTOP-0QJFP7EQ" failures="0" tests="1" name="crudOperationWithBDD.UpdateProjectTest" time="2.102" errors="0" timestamp="2022-09-29T11:56:21 IST" skipped="0">
  <testcase classname="crudOperationWithBDD.UpdateProjectTest" name="updateProjectTest" time="2.102"/>
  <system-out/>
</testsuite> <!-- crudOperationWithBDD.UpdateProjectTest -->
