<?xml version="1.0" encoding="UTF-8"?>
<!-- Generated by org.testng.reporters.JUnitReportReporter -->
<testsuite hostname="LAPTOP-0QJFP7EQ" failures="0" tests="1" name="validationTest.SampleTest" time="4.169" errors="0" timestamp="2022-10-04T11:01:10 IST" skipped="0">
  <testcase classname="validationTest.SampleTest" name="validationTest" time="4.169"/>
  <system-out/>
</testsuite> <!-- validationTest.SampleTest -->
