<?xml version="1.0" encoding="UTF-8"?>
<!-- Generated by org.testng.reporters.JUnitReportReporter -->
<testsuite hostname="LAPTOP-0QJFP7EQ" failures="0" tests="1" name="serializationAndDeserialization.DeserilaizationOfEmpDataUsingObject" time="0.407" errors="0" timestamp="2022-09-27T17:55:48 IST" skipped="0">
  <testcase classname="serializationAndDeserialization.DeserilaizationOfEmpDataUsingObject" name="deserilaizationOfEmpDataUsigObject" time="0.407"/>
  <system-out/>
</testsuite> <!-- serializationAndDeserialization.DeserilaizationOfEmpDataUsingObject -->
