<?xml version="1.0" encoding="UTF-8"?>
<!-- Generated by org.testng.reporters.JUnitReportReporter -->
<testsuite hostname="LAPTOP-0QJFP7EQ" failures="0" tests="1" name="datadrivenTestUsingDataProvider.SampleStaticValTest" time="3.717" errors="0" timestamp="2022-10-03T12:16:04 IST" skipped="0">
  <testcase classname="datadrivenTestUsingDataProvider.SampleStaticValTest" name="staticvalTest" time="3.717"/>
  <system-out/>
</testsuite> <!-- datadrivenTestUsingDataProvider.SampleStaticValTest -->
