<?xml version="1.0" encoding="UTF-8"?>
<!-- Generated by org.testng.reporters.JUnitReportReporter -->
<testsuite hostname="LAPTOP-0QJFP7EQ" failures="0" tests="1" name="crudOperationWithoutBDD.DeleteProjectTest" time="2.842" errors="0" timestamp="2022-09-28T16:54:12 IST" skipped="0">
  <testcase classname="crudOperationWithoutBDD.DeleteProjectTest" name="deleteProjectTest" time="2.842"/>
  <system-out/>
</testsuite> <!-- crudOperationWithoutBDD.DeleteProjectTest -->
