<?xml version="1.0" encoding="UTF-8"?>
<!-- Generated by org.testng.reporters.JUnitReportReporter -->
<testsuite hostname="LAPTOP-0QJFP7EQ" failures="0" tests="1" name="serializationAndDeserialization.DeserializationOfEmployeeDetails" time="0.435" errors="0" timestamp="2022-09-27T16:41:21 IST" skipped="0">
  <testcase classname="serializationAndDeserialization.DeserializationOfEmployeeDetails" name="deserialisationEmpdetailsTest" time="0.435"/>
  <system-out/>
</testsuite> <!-- serializationAndDeserialization.DeserializationOfEmployeeDetails -->
