<?xml version="1.0" encoding="UTF-8"?>
<!-- Generated by org.testng.reporters.JUnitReportReporter -->
<testsuite hostname="LAPTOP-0QJFP7EQ" failures="0" tests="1" name="differentWaysToPostTheRequest.PostRequestUsingHashMapTest" time="3.478" errors="0" timestamp="2022-09-30T12:40:37 IST" skipped="0">
  <testcase classname="differentWaysToPostTheRequest.PostRequestUsingHashMapTest" name="createProjectHashMApTest" time="3.478"/>
  <system-out/>
</testsuite> <!-- differentWaysToPostTheRequest.PostRequestUsingHashMapTest -->
