<?xml version="1.0" encoding="UTF-8"?>
<!-- Generated by org.testng.reporters.JUnitReportReporter -->
<testsuite hostname="LAPTOP-0QJFP7EQ" failures="0" tests="1" name="crudOperationWithBDD.AddProjectTest" time="3.459" errors="0" timestamp="2022-10-03T17:09:13 IST" skipped="0">
  <testcase classname="crudOperationWithBDD.AddProjectTest" name="createProjectTest" time="3.459"/>
  <system-out/>
</testsuite> <!-- crudOperationWithBDD.AddProjectTest -->
