<?xml version="1.0" encoding="UTF-8"?>
<!-- Generated by org.testng.reporters.JUnitReportReporter -->
<testsuite hostname="LAPTOP-0QJFP7EQ" failures="0" tests="1" name="requestChaining.PostAndDeleteProjectTest" time="4.763" errors="0" timestamp="2022-10-06T12:46:45 IST" skipped="0">
  <testcase classname="requestChaining.PostAndDeleteProjectTest" name="postAndDelteTest" time="4.763"/>
  <system-out/>
</testsuite> <!-- requestChaining.PostAndDeleteProjectTest -->
