<?xml version="1.0" encoding="UTF-8"?>
<!-- Generated by org.testng.reporters.JUnitReportReporter -->
<testsuite hostname="LAPTOP-0QJFP7EQ" failures="0" tests="1" name="crudOperationWithBDD.GetSingleProjectTest" time="1.768" errors="0" timestamp="2022-09-29T11:42:43 IST" skipped="0">
  <testcase classname="crudOperationWithBDD.GetSingleProjectTest" name="getSingleProjectTest" time="1.768"/>
  <system-out/>
</testsuite> <!-- crudOperationWithBDD.GetSingleProjectTest -->
