<?xml version="1.0" encoding="UTF-8"?>
<!-- Generated by org.testng.reporters.JUnitReportReporter -->
<testsuite hostname="LAPTOP-0QJFP7EQ" failures="0" tests="1" name="validationTest.StatuslineValidationTest" time="2.628" errors="0" timestamp="2022-10-03T16:49:03 IST" skipped="0">
  <testcase classname="validationTest.StatuslineValidationTest" name="statusLineValTest" time="2.628"/>
  <system-out/>
</testsuite> <!-- validationTest.StatuslineValidationTest -->
