<?xml version="1.0" encoding="UTF-8"?>
<!-- Generated by org.testng.reporters.JUnitReportReporter -->
<testsuite hostname="LAPTOP-0QJFP7EQ" failures="0" tests="1" name="crudOperationWithoutBDD.GetAllProjectsTest" time="2.934" errors="0" timestamp="2022-09-28T15:42:53 IST" skipped="0">
  <testcase classname="crudOperationWithoutBDD.GetAllProjectsTest" name="getAllProject" time="2.934"/>
  <system-out/>
</testsuite> <!-- crudOperationWithoutBDD.GetAllProjectsTest -->
