<?xml version="1.0" encoding="UTF-8"?>
<!-- Generated by org.testng.reporters.JUnitReportReporter -->
<testsuite hostname="LAPTOP-0QJFP7EQ" failures="0" tests="1" name="serializationAndDeserialization.SampleDeseriali" time="0.400" errors="0" timestamp="2022-09-26T22:09:13 IST" skipped="0">
  <testcase classname="serializationAndDeserialization.SampleDeseriali" name="deseri" time="0.400"/>
  <system-out/>
</testsuite> <!-- serializationAndDeserialization.SampleDeseriali -->
