<?xml version="1.0" encoding="UTF-8"?>
<!-- Generated by org.testng.reporters.JUnitReportReporter -->
<testsuite hostname="LAPTOP-0QJFP7EQ" failures="0" tests="2" name="datadrivenTestUsingDataProvider.AddProjectUsingDataproviderTest" time="3.899" errors="0" timestamp="2022-10-03T11:58:02 IST" skipped="0">
  <testcase classname="datadrivenTestUsingDataProvider.AddProjectUsingDataproviderTest" name="addProjectTest" time="3.846"/>
  <system-out/>
  <testcase classname="datadrivenTestUsingDataProvider.AddProjectUsingDataproviderTest" name="addProjectTest" time="0.053"/>
  <system-out/>
</testsuite> <!-- datadrivenTestUsingDataProvider.AddProjectUsingDataproviderTest -->
