<?xml version="1.0" encoding="UTF-8"?>
<!-- Generated by org.testng.reporters.JUnitReportReporter -->
<testsuite hostname="LAPTOP-0QJFP7EQ" failures="0" tests="1" name="crudOperationWithoutBDD.GetSingleProjectTest" time="2.662" errors="0" timestamp="2022-09-28T15:33:55 IST" skipped="0">
  <testcase classname="crudOperationWithoutBDD.GetSingleProjectTest" name="getSingleProjectTest" time="2.662"/>
  <system-out/>
</testsuite> <!-- crudOperationWithoutBDD.GetSingleProjectTest -->
