<?xml version="1.0" encoding="UTF-8"?>
<!-- Generated by org.testng.reporters.JUnitReportReporter -->
<testsuite hostname="LAPTOP-0QJFP7EQ" failures="0" tests="1" name="differentWaysToPostTheRequest.PostrequestWithPojoTest" time="3.889" errors="0" timestamp="2022-09-30T12:14:13 IST" skipped="0">
  <testcase classname="differentWaysToPostTheRequest.PostrequestWithPojoTest" name="createProjectTest" time="3.889"/>
  <system-out/>
</testsuite> <!-- differentWaysToPostTheRequest.PostrequestWithPojoTest -->
