<?xml version="1.0" encoding="UTF-8"?>
<!-- Generated by org.testng.reporters.JUnitReportReporter -->
<testsuite hostname="LAPTOP-0QJFP7EQ" failures="0" tests="1" name="crudOperationWithBDD.SampleTest" time="1.824" errors="0" timestamp="2022-10-11T11:23:15 IST" skipped="0">
  <testcase classname="crudOperationWithBDD.SampleTest" name="getallprojectTest" time="1.824"/>
  <system-out/>
</testsuite> <!-- crudOperationWithBDD.SampleTest -->
