<?xml version="1.0" encoding="UTF-8"?>
<!-- Generated by org.testng.reporters.JUnitReportReporter -->
<testsuite hostname="LAPTOP-0QJFP7EQ" failures="0" tests="1" name="serializationAndDeserialization.SerializationOfEmpDataWithArray" time="0.414" errors="0" timestamp="2022-09-27T12:33:54 IST" skipped="0">
  <testcase classname="serializationAndDeserialization.SerializationOfEmpDataWithArray" name="serializationOfEmpdatawitharrayTest" time="0.414"/>
  <system-out/>
</testsuite> <!-- serializationAndDeserialization.SerializationOfEmpDataWithArray -->
