<?xml version="1.0" encoding="UTF-8"?>
<!-- Generated by org.testng.reporters.JUnitReportReporter -->
<testsuite hostname="LAPTOP-0QJFP7EQ" failures="0" tests="1" name="parameter.ParametersTest" time="5.257" errors="0" timestamp="2022-10-06T12:32:05 IST" skipped="0">
  <testcase classname="parameter.ParametersTest" name="parameter" time="5.257"/>
  <system-out/>
</testsuite> <!-- parameter.ParametersTest -->
