<?xml version="1.0" encoding="UTF-8"?>
<!-- Generated by org.testng.reporters.JUnitReportReporter -->
<testsuite hostname="LAPTOP-0QJFP7EQ" failures="0" tests="1" name="serializationAndDeserialization.DeserializationOfEmpdetailsWithArray" time="0.210" errors="0" timestamp="2022-09-28T10:43:10 IST" skipped="0">
  <testcase classname="serializationAndDeserialization.DeserializationOfEmpdetailsWithArray" name="deserilaiztionOfEmpDataWithArrayTest" time="0.210"/>
  <system-out/>
</testsuite> <!-- serializationAndDeserialization.DeserializationOfEmpdetailsWithArray -->
