<?xml version="1.0" encoding="UTF-8"?>
<!-- Generated by org.testng.reporters.JUnitReportReporter -->
<testsuite hostname="LAPTOP-0QJFP7EQ" failures="0" tests="1" name="sampleSerial.SerializationemployeeDetails" time="0.396" errors="0" timestamp="2022-09-26T16:03:19 IST" skipped="0">
  <testcase classname="sampleSerial.SerializationemployeeDetails" name="serializationEmpTest" time="0.396"/>
  <system-out/>
</testsuite> <!-- sampleSerial.SerializationemployeeDetails -->
